# JRE version: OpenJDK Runtime Environment (8.0_242) (build 1.8.0_242-release-1644-b3-6915495)
# Java VM: OpenJDK 64-Bit Server VM (25.242-b3-6915495 mixed mode bsd-amd64 compressed oops)
Heap:
 PSYoungGen      total 1311232K, used 866054K [0x000000076ab00000, 0x00000007bfc00000, 0x00000007c0000000)
  eden space 1232896K, 67% used [0x000000076ab00000,0x000000079d50be80,0x00000007b5f00000)
  from space 78336K, 46% used [0x00000007baf80000,0x00000007bd335bf8,0x00000007bfc00000)
  to   space 80384K, 0% used [0x00000007b5f00000,0x00000007b5f00000,0x00000007bad80000)
 ParOldGen       total 253952K, used 164876K [0x00000006c0000000, 0x00000006cf800000, 0x000000076ab00000)
  object space 253952K, 64% used [0x00000006c0000000,0x00000006ca103308,0x00000006cf800000)
 Metaspace       used 98213K, capacity 115840K, committed 116092K, reserved 1148928K
  class space    used 11491K, capacity 15674K, committed 15792K, reserved 1048576K
GC Heap History (10 events):
Event: 77.829 GC heap before
{Heap before GC invocations=44 (full 4):
 PSYoungGen      total 1283584K, used 1283332K [0x000000076ab00000, 0x00000007c0000000, 0x00000007c0000000)
  eden space 1225216K, 100% used [0x000000076ab00000,0x00000007b5780000,0x00000007b5780000)
  from space 58368K, 99% used [0x00000007b5780000,0x00000007b90410b0,0x00000007b9080000)
  to   space 87040K, 0% used [0x00000007bab00000,0x00000007bab00000,0x00000007c0000000)
 ParOldGen       total 253952K, used 141239K [0x00000006c0000000, 0x00000006cf800000, 0x000000076ab00000)
  object space 253952K, 55% used [0x00000006c0000000,0x00000006c89edcb0,0x00000006cf800000)
 Metaspace       used 97741K, capacity 115256K, committed 115452K, reserved 1148928K
  class space    used 11468K, capacity 15656K, committed 15664K, reserved 1048576K
Event: 77.843 GC heap after
Heap after GC invocations=44 (full 4):
 PSYoungGen      total 1312256K, used 53308K [0x000000076ab00000, 0x00000007c0000000, 0x00000007c0000000)
  eden space 1225216K, 0% used [0x000000076ab00000,0x000000076ab00000,0x00000007b5780000)
  from space 87040K, 61% used [0x00000007bab00000,0x00000007bdf0f1a8,0x00000007c0000000)
  to   space 85504K, 0% used [0x00000007b5780000,0x00000007b5780000,0x00000007bab00000)
 ParOldGen       total 253952K, used 141431K [0x00000006c0000000, 0x00000006cf800000, 0x000000076ab00000)
  object space 253952K, 55% used [0x00000006c0000000,0x00000006c8a1dcb0,0x00000006cf800000)
 Metaspace       used 97741K, capacity 115256K, committed 115452K, reserved 1148928K
  class space    used 11468K, capacity 15656K, committed 15664K, reserved 1048576K
}
Event: 80.108 GC heap before
{Heap before GC invocations=45 (full 4):
 PSYoungGen      total 1312256K, used 1278524K [0x000000076ab00000, 0x00000007c0000000, 0x00000007c0000000)
  eden space 1225216K, 100% used [0x000000076ab00000,0x00000007b5780000,0x00000007b5780000)
  from space 87040K, 61% used [0x00000007bab00000,0x00000007bdf0f1a8,0x00000007c0000000)
  to   space 85504K, 0% used [0x00000007b5780000,0x00000007b5780000,0x00000007bab00000)
 ParOldGen       total 253952K, used 141431K [0x00000006c0000000, 0x00000006cf800000, 0x000000076ab00000)
  object space 253952K, 55% used [0x00000006c0000000,0x00000006c8a1dcb0,0x00000006cf800000)
 Metaspace       used 97932K, capacity 115500K, committed 115708K, reserved 1148928K
  class space    used 11473K, capacity 15660K, committed 15664K, reserved 1048576K
Event: 80.150 GC heap after
Heap after GC invocations=45 (full 4):
 PSYoungGen      total 1310720K, used 58441K [0x000000076ab00000, 0x00000007bff80000, 0x00000007c0000000)
  eden space 1225216K, 0% used [0x000000076ab00000,0x000000076ab00000,0x00000007b5780000)
  from space 85504K, 68% used [0x00000007b5780000,0x00000007b90926d8,0x00000007bab00000)
  to   space 86016K, 0% used [0x00000007bab80000,0x00000007bab80000,0x00000007bff80000)
 ParOldGen       total 253952K, used 141575K [0x00000006c0000000, 0x00000006cf800000, 0x000000076ab00000)
  object space 253952K, 55% used [0x00000006c0000000,0x00000006c8a41cb0,0x00000006cf800000)
 Metaspace       used 97932K, capacity 115500K, committed 115708K, reserved 1148928K
  class space    used 11473K, capacity 15660K, committed 15664K, reserved 1048576K
}
Event: 82.545 GC heap before
{Heap before GC invocations=46 (full 4):
 PSYoungGen      total 1310720K, used 1283657K [0x000000076ab00000, 0x00000007bff80000, 0x00000007c0000000)
  eden space 1225216K, 100% used [0x000000076ab00000,0x00000007b5780000,0x00000007b5780000)
  from space 85504K, 68% used [0x00000007b5780000,0x00000007b90926d8,0x00000007bab00000)
  to   space 86016K, 0% used [0x00000007bab80000,0x00000007bab80000,0x00000007bff80000)
 ParOldGen       total 253952K, used 141575K [0x00000006c0000000, 0x00000006cf800000, 0x000000076ab00000)
  object space 253952K, 55% used [0x00000006c0000000,0x00000006c8a41cb0,0x00000006cf800000)
 Metaspace       used 97981K, capacity 115526K, committed 115708K, reserved 1148928K
  class space    used 11477K, capacity 15663K, committed 15664K, reserved 1048576K
Event: 82.562 GC heap after
Heap after GC invocations=46 (full 4):
 PSYoungGen      total 1306112K, used 46728K [0x000000076ab00000, 0x00000007bf980000, 0x00000007c0000000)
  eden space 1226240K, 0% used [0x000000076ab00000,0x000000076ab00000,0x00000007b5880000)
  from space 79872K, 58% used [0x00000007bab80000,0x00000007bd922128,0x00000007bf980000)
  to   space 82432K, 0% used [0x00000007b5880000,0x00000007b5880000,0x00000007ba900000)
 ParOldGen       total 253952K, used 150347K [0x00000006c0000000, 0x00000006cf800000, 0x000000076ab00000)
  object space 253952K, 59% used [0x00000006c0000000,0x00000006c92d2f60,0x00000006cf800000)
 Metaspace       used 97981K, capacity 115526K, committed 115708K, reserved 1148928K
  class space    used 11477K, capacity 15663K, committed 15664K, reserved 1048576K
}
Event: 85.620 GC heap before
{Heap before GC invocations=47 (full 4):
 PSYoungGen      total 1306112K, used 1272968K [0x000000076ab00000, 0x00000007bf980000, 0x00000007c0000000)
  eden space 1226240K, 100% used [0x000000076ab00000,0x00000007b5880000,0x00000007b5880000)
  from space 79872K, 58% used [0x00000007bab80000,0x00000007bd922128,0x00000007bf980000)
  to   space 82432K, 0% used [0x00000007b5880000,0x00000007b5880000,0x00000007ba900000)
 ParOldGen       total 253952K, used 150347K [0x00000006c0000000, 0x00000006cf800000, 0x000000076ab00000)
  object space 253952K, 59% used [0x00000006c0000000,0x00000006c92d2f60,0x00000006cf800000)
 Metaspace       used 98071K, capacity 115688K, committed 115836K, reserved 1148928K
  class space    used 11482K, capacity 15666K, committed 15792K, reserved 1048576K
Event: 85.652 GC heap after
Heap after GC invocations=47 (full 4):
 PSYoungGen      total 1308672K, used 28630K [0x000000076ab00000, 0x00000007c0000000, 0x00000007c0000000)
  eden space 1226240K, 0% used [0x000000076ab00000,0x000000076ab00000,0x00000007b5880000)
  from space 82432K, 34% used [0x00000007b5880000,0x00000007b7475810,0x00000007ba900000)
  to   space 82432K, 0% used [0x00000007baf80000,0x00000007baf80000,0x00000007c0000000)
 ParOldGen       total 253952K, used 164652K [0x00000006c0000000, 0x00000006cf800000, 0x000000076ab00000)
  object space 253952K, 64% used [0x00000006c0000000,0x00000006ca0cb308,0x00000006cf800000)
 Metaspace       used 98071K, capacity 115688K, committed 115836K, reserved 1148928K
  class space    used 11482K, capacity 15666K, committed 15792K, reserved 1048576K
}
Event: 87.959 GC heap before
{Heap before GC invocations=48 (full 4):
 PSYoungGen      total 1308672K, used 1254870K [0x000000076ab00000, 0x00000007c0000000, 0x00000007c0000000)
  eden space 1226240K, 100% used [0x000000076ab00000,0x00000007b5880000,0x00000007b5880000)
  from space 82432K, 34% used [0x00000007b5880000,0x00000007b7475810,0x00000007ba900000)
  to   space 82432K, 0% used [0x00000007baf80000,0x00000007baf80000,0x00000007c0000000)
 ParOldGen       total 253952K, used 164652K [0x00000006c0000000, 0x00000006cf800000, 0x000000076ab00000)
  object space 253952K, 64% used [0x00000006c0000000,0x00000006ca0cb308,0x00000006cf800000)
 Metaspace       used 98153K, capacity 115814K, committed 116092K, reserved 1148928K
  class space    used 11487K, capacity 15671K, committed 15792K, reserved 1048576K
Event: 87.972 GC heap after
Heap after GC invocations=48 (full 4):
 PSYoungGen      total 1311232K, used 36566K [0x000000076ab00000, 0x00000007bfc00000, 0x00000007c0000000)
  eden space 1232896K, 0% used [0x000000076ab00000,0x000000076ab00000,0x00000007b5f00000)
  from space 78336K, 46% used [0x00000007baf80000,0x00000007bd335bf8,0x00000007bfc00000)
  to   space 80384K, 0% used [0x00000007b5f00000,0x00000007b5f00000,0x00000007bad80000)
 ParOldGen       total 253952K, used 164876K [0x00000006c0000000, 0x00000006cf800000, 0x000000076ab00000)
  object space 253952K, 64% used [0x00000006c0000000,0x00000006ca103308,0x00000006cf800000)
 Metaspace       used 98153K, capacity 115814K, committed 116092K, reserved 1148928K
  class space    used 11487K, capacity 15671K, committed 15792K, reserved 1048576K
}

