# JRE version: OpenJDK Runtime Environment (8.0_242) (build 1.8.0_242-release-1644-b3-6915495)
# Java VM: OpenJDK 64-Bit Server VM (25.242-b3-6915495 mixed mode bsd-amd64 compressed oops)
Heap:
 PSYoungGen      total 1343488K, used 1193087K [0x000000076ab00000, 0x00000007bff00000, 0x00000007c0000000)
  eden space 1314816K, 88% used [0x000000076ab00000,0x00000007b1c9e930,0x00000007baf00000)
  from space 28672K, 98% used [0x00000007baf00000,0x00000007bca81388,0x00000007bcb00000)
  to   space 40960K, 0% used [0x00000007bd700000,0x00000007bd700000,0x00000007bff00000)
 ParOldGen       total 276480K, used 114317K [0x00000006c0000000, 0x00000006d0e00000, 0x000000076ab00000)
  object space 276480K, 41% used [0x00000006c0000000,0x00000006c6fa37b0,0x00000006d0e00000)
 Metaspace       used 98420K, capacity 115926K, committed 116092K, reserved 1148928K
  class space    used 11506K, capacity 15675K, committed 15792K, reserved 1048576K
GC Heap History (10 events):
Event: 82.516 GC heap before
{Heap before GC invocations=49 (full 4):
 PSYoungGen      total 1353216K, used 1344845K [0x000000076ab00000, 0x00000007c0000000, 0x00000007c0000000)
  eden space 1311744K, 100% used [0x000000076ab00000,0x00000007bac00000,0x00000007bac00000)
  from space 41472K, 79% used [0x00000007bd500000,0x00000007bf553648,0x00000007bfd80000)
  to   space 41984K, 0% used [0x00000007bac00000,0x00000007bac00000,0x00000007bd500000)
 ParOldGen       total 276480K, used 113357K [0x00000006c0000000, 0x00000006d0e00000, 0x000000076ab00000)
  object space 276480K, 41% used [0x00000006c0000000,0x00000006c6eb37b0,0x00000006d0e00000)
 Metaspace       used 97742K, capacity 115082K, committed 115196K, reserved 1148928K
  class space    used 11465K, capacity 15581K, committed 15664K, reserved 1048576K
Event: 82.528 GC heap after
Heap after GC invocations=49 (full 4):
 PSYoungGen      total 1353728K, used 30071K [0x000000076ab00000, 0x00000007bfd80000, 0x00000007c0000000)
  eden space 1311744K, 0% used [0x000000076ab00000,0x000000076ab00000,0x00000007bac00000)
  from space 41984K, 71% used [0x00000007bac00000,0x00000007bc95dc80,0x00000007bd500000)
  to   space 40448K, 0% used [0x00000007bd600000,0x00000007bd600000,0x00000007bfd80000)
 ParOldGen       total 276480K, used 113565K [0x00000006c0000000, 0x00000006d0e00000, 0x000000076ab00000)
  object space 276480K, 41% used [0x00000006c0000000,0x00000006c6ee77b0,0x00000006d0e00000)
 Metaspace       used 97742K, capacity 115082K, committed 115196K, reserved 1148928K
  class space    used 11465K, capacity 15581K, committed 15664K, reserved 1048576K
}
Event: 84.562 GC heap before
{Heap before GC invocations=50 (full 4):
 PSYoungGen      total 1353728K, used 1341815K [0x000000076ab00000, 0x00000007bfd80000, 0x00000007c0000000)
  eden space 1311744K, 100% used [0x000000076ab00000,0x00000007bac00000,0x00000007bac00000)
  from space 41984K, 71% used [0x00000007bac00000,0x00000007bc95dc80,0x00000007bd500000)
  to   space 40448K, 0% used [0x00000007bd600000,0x00000007bd600000,0x00000007bfd80000)
 ParOldGen       total 276480K, used 113565K [0x00000006c0000000, 0x00000006d0e00000, 0x000000076ab00000)
  object space 276480K, 41% used [0x00000006c0000000,0x00000006c6ee77b0,0x00000006d0e00000)
 Metaspace       used 97851K, capacity 115248K, committed 115452K, reserved 1148928K
  class space    used 11469K, capacity 15584K, committed 15664K, reserved 1048576K
Event: 84.572 GC heap after
Heap after GC invocations=50 (full 4):
 PSYoungGen      total 1354752K, used 32210K [0x000000076ab00000, 0x00000007bfe80000, 0x00000007c0000000)
  eden space 1314304K, 0% used [0x000000076ab00000,0x000000076ab00000,0x00000007bae80000)
  from space 40448K, 79% used [0x00000007bd600000,0x00000007bf574b20,0x00000007bfd80000)
  to   space 40448K, 0% used [0x00000007bae80000,0x00000007bae80000,0x00000007bd600000)
 ParOldGen       total 276480K, used 113789K [0x00000006c0000000, 0x00000006d0e00000, 0x000000076ab00000)
  object space 276480K, 41% used [0x00000006c0000000,0x00000006c6f1f7b0,0x00000006d0e00000)
 Metaspace       used 97851K, capacity 115248K, committed 115452K, reserved 1148928K
  class space    used 11469K, capacity 15584K, committed 15664K, reserved 1048576K
}
Event: 86.490 GC heap before
{Heap before GC invocations=51 (full 4):
 PSYoungGen      total 1354752K, used 1346514K [0x000000076ab00000, 0x00000007bfe80000, 0x00000007c0000000)
  eden space 1314304K, 100% used [0x000000076ab00000,0x00000007bae80000,0x00000007bae80000)
  from space 40448K, 79% used [0x00000007bd600000,0x00000007bf574b20,0x00000007bfd80000)
  to   space 40448K, 0% used [0x00000007bae80000,0x00000007bae80000,0x00000007bd600000)
 ParOldGen       total 276480K, used 113789K [0x00000006c0000000, 0x00000006d0e00000, 0x000000076ab00000)
  object space 276480K, 41% used [0x00000006c0000000,0x00000006c6f1f7b0,0x00000006d0e00000)
 Metaspace       used 97933K, capacity 115306K, committed 115452K, reserved 1148928K
  class space    used 11473K, capacity 15589K, committed 15664K, reserved 1048576K
Event: 86.503 GC heap after
Heap after GC invocations=51 (full 4):
 PSYoungGen      total 1354752K, used 35379K [0x000000076ab00000, 0x00000007c0000000, 0x00000007c0000000)
  eden space 1314304K, 0% used [0x000000076ab00000,0x000000076ab00000,0x00000007bae80000)
  from space 40448K, 87% used [0x00000007bae80000,0x00000007bd10cfa8,0x00000007bd600000)
  to   space 41472K, 0% used [0x00000007bd780000,0x00000007bd780000,0x00000007c0000000)
 ParOldGen       total 276480K, used 113989K [0x00000006c0000000, 0x00000006d0e00000, 0x000000076ab00000)
  object space 276480K, 41% used [0x00000006c0000000,0x00000006c6f517b0,0x00000006d0e00000)
 Metaspace       used 97933K, capacity 115306K, committed 115452K, reserved 1148928K
  class space    used 11473K, capacity 15589K, committed 15664K, reserved 1048576K
}
Event: 88.582 GC heap before
{Heap before GC invocations=52 (full 4):
 PSYoungGen      total 1354752K, used 1349683K [0x000000076ab00000, 0x00000007c0000000, 0x00000007c0000000)
  eden space 1314304K, 100% used [0x000000076ab00000,0x00000007bae80000,0x00000007bae80000)
  from space 40448K, 87% used [0x00000007bae80000,0x00000007bd10cfa8,0x00000007bd600000)
  to   space 41472K, 0% used [0x00000007bd780000,0x00000007bd780000,0x00000007c0000000)
 ParOldGen       total 276480K, used 113989K [0x00000006c0000000, 0x00000006d0e00000, 0x000000076ab00000)
  object space 276480K, 41% used [0x00000006c0000000,0x00000006c6f517b0,0x00000006d0e00000)
 Metaspace       used 98206K, capacity 115708K, committed 115964K, reserved 1148928K
  class space    used 11487K, capacity 15626K, committed 15664K, reserved 1048576K
Event: 88.597 GC heap after
Heap after GC invocations=52 (full 4):
 PSYoungGen      total 1356288K, used 33508K [0x000000076ab00000, 0x00000007c0000000, 0x00000007c0000000)
  eden space 1314816K, 0% used [0x000000076ab00000,0x000000076ab00000,0x00000007baf00000)
  from space 41472K, 80% used [0x00000007bd780000,0x00000007bf839168,0x00000007c0000000)
  to   space 41472K, 0% used [0x00000007baf00000,0x00000007baf00000,0x00000007bd780000)
 ParOldGen       total 276480K, used 114157K [0x00000006c0000000, 0x00000006d0e00000, 0x000000076ab00000)
  object space 276480K, 41% used [0x00000006c0000000,0x00000006c6f7b7b0,0x00000006d0e00000)
 Metaspace       used 98206K, capacity 115708K, committed 115964K, reserved 1148928K
  class space    used 11487K, capacity 15626K, committed 15664K, reserved 1048576K
}
Event: 90.607 GC heap before
{Heap before GC invocations=53 (full 4):
 PSYoungGen      total 1356288K, used 1348324K [0x000000076ab00000, 0x00000007c0000000, 0x00000007c0000000)
  eden space 1314816K, 100% used [0x000000076ab00000,0x00000007baf00000,0x00000007baf00000)
  from space 41472K, 80% used [0x00000007bd780000,0x00000007bf839168,0x00000007c0000000)
  to   space 41472K, 0% used [0x00000007baf00000,0x00000007baf00000,0x00000007bd780000)
 ParOldGen       total 276480K, used 114157K [0x00000006c0000000, 0x00000006d0e00000, 0x000000076ab00000)
  object space 276480K, 41% used [0x00000006c0000000,0x00000006c6f7b7b0,0x00000006d0e00000)
 Metaspace       used 98325K, capacity 115830K, committed 116092K, reserved 1148928K
  class space    used 11497K, capacity 15671K, committed 15792K, reserved 1048576K
Event: 90.617 GC heap after
Heap after GC invocations=53 (full 4):
 PSYoungGen      total 1343488K, used 28164K [0x000000076ab00000, 0x00000007bff00000, 0x00000007c0000000)
  eden space 1314816K, 0% used [0x000000076ab00000,0x000000076ab00000,0x00000007baf00000)
  from space 28672K, 98% used [0x00000007baf00000,0x00000007bca81388,0x00000007bcb00000)
  to   space 40960K, 0% used [0x00000007bd700000,0x00000007bd700000,0x00000007bff00000)
 ParOldGen       total 276480K, used 114317K [0x00000006c0000000, 0x00000006d0e00000, 0x000000076ab00000)
  object space 276480K, 41% used [0x00000006c0000000,0x00000006c6fa37b0,0x00000006d0e00000)
 Metaspace       used 98325K, capacity 115830K, committed 116092K, reserved 1148928K
  class space    used 11497K, capacity 15671K, committed 15792K, reserved 1048576K
}

