# JRE version: OpenJDK Runtime Environment (8.0_302-b08) (build 1.8.0_302-b08)
# Java VM: OpenJDK 64-Bit Server VM (25.302-b08 mixed mode linux-amd64 compressed oops)
Heap:
 PSYoungGen      total 299008K, used 222498K [0x00000000eab00000, 0x0000000100000000, 0x0000000100000000)
  eden space 268288K, 71% used [0x00000000eab00000,0x00000000f664e680,0x00000000fb100000)
  from space 30720K, 99% used [0x00000000fe200000,0x00000000ffffa1c0,0x0000000100000000)
  to   space 40448K, 0% used [0x00000000fb100000,0x00000000fb100000,0x00000000fd880000)
 ParOldGen       total 266240K, used 119012K [0x00000000c0000000, 0x00000000d0400000, 0x00000000eab00000)
  object space 266240K, 44% used [0x00000000c0000000,0x00000000c7439008,0x00000000d0400000)
 Metaspace       used 101337K, capacity 119508K, committed 146816K, reserved 1175552K
  class space    used 12311K, capacity 16539K, committed 20096K, reserved 1048576K
GC Heap History (10 events):
Event: 176.897 GC heap before
{Heap before GC invocations=79 (full 5):
 PSYoungGen      total 322048K, used 307766K [0x00000000eab00000, 0x00000000fff80000, 0x0000000100000000)
  eden space 294912K, 100% used [0x00000000eab00000,0x00000000fcb00000,0x00000000fcb00000)
  from space 27136K, 47% used [0x00000000fcb00000,0x00000000fd78da98,0x00000000fe580000)
  to   space 26624K, 0% used [0x00000000fe580000,0x00000000fe580000,0x00000000fff80000)
 ParOldGen       total 266240K, used 111259K [0x00000000c0000000, 0x00000000d0400000, 0x00000000eab00000)
  object space 266240K, 41% used [0x00000000c0000000,0x00000000c6ca6cb8,0x00000000d0400000)
 Metaspace       used 98184K, capacity 115026K, committed 146816K, reserved 1175552K
  class space    used 12125K, capacity 15967K, committed 20096K, reserved 1048576K
Event: 176.905 GC heap after
Heap after GC invocations=79 (full 5):
 PSYoungGen      total 322048K, used 18135K [0x00000000eab00000, 0x00000000fff80000, 0x0000000100000000)
  eden space 295424K, 0% used [0x00000000eab00000,0x00000000eab00000,0x00000000fcb80000)
  from space 26624K, 68% used [0x00000000fe580000,0x00000000ff735c98,0x00000000fff80000)
  to   space 26624K, 0% used [0x00000000fcb80000,0x00000000fcb80000,0x00000000fe580000)
 ParOldGen       total 266240K, used 111267K [0x00000000c0000000, 0x00000000d0400000, 0x00000000eab00000)
  object space 266240K, 41% used [0x00000000c0000000,0x00000000c6ca8cb8,0x00000000d0400000)
 Metaspace       used 98184K, capacity 115026K, committed 146816K, reserved 1175552K
  class space    used 12125K, capacity 15967K, committed 20096K, reserved 1048576K
}
Event: 181.435 GC heap before
{Heap before GC invocations=80 (full 5):
 PSYoungGen      total 322048K, used 313559K [0x00000000eab00000, 0x00000000fff80000, 0x0000000100000000)
  eden space 295424K, 100% used [0x00000000eab00000,0x00000000fcb80000,0x00000000fcb80000)
  from space 26624K, 68% used [0x00000000fe580000,0x00000000ff735c98,0x00000000fff80000)
  to   space 26624K, 0% used [0x00000000fcb80000,0x00000000fcb80000,0x00000000fe580000)
 ParOldGen       total 266240K, used 111267K [0x00000000c0000000, 0x00000000d0400000, 0x00000000eab00000)
  object space 266240K, 41% used [0x00000000c0000000,0x00000000c6ca8cb8,0x00000000d0400000)
 Metaspace       used 98222K, capacity 115044K, committed 146816K, reserved 1175552K
  class space    used 12129K, capacity 15970K, committed 20096K, reserved 1048576K
Event: 181.444 GC heap after
Heap after GC invocations=80 (full 5):
 PSYoungGen      total 316416K, used 20914K [0x00000000eab00000, 0x0000000100000000, 0x0000000100000000)
  eden space 295424K, 0% used [0x00000000eab00000,0x00000000eab00000,0x00000000fcb80000)
  from space 20992K, 99% used [0x00000000fcb80000,0x00000000fdfecbd8,0x00000000fe000000)
  to   space 27648K, 0% used [0x00000000fe500000,0x00000000fe500000,0x0000000100000000)
 ParOldGen       total 266240K, used 111275K [0x00000000c0000000, 0x00000000d0400000, 0x00000000eab00000)
  object space 266240K, 41% used [0x00000000c0000000,0x00000000c6caacb8,0x00000000d0400000)
 Metaspace       used 98222K, capacity 115044K, committed 146816K, reserved 1175552K
  class space    used 12129K, capacity 15970K, committed 20096K, reserved 1048576K
}
Event: 185.365 GC heap before
{Heap before GC invocations=81 (full 5):
 PSYoungGen      total 316416K, used 316338K [0x00000000eab00000, 0x0000000100000000, 0x0000000100000000)
  eden space 295424K, 100% used [0x00000000eab00000,0x00000000fcb80000,0x00000000fcb80000)
  from space 20992K, 99% used [0x00000000fcb80000,0x00000000fdfecbd8,0x00000000fe000000)
  to   space 27648K, 0% used [0x00000000fe500000,0x00000000fe500000,0x0000000100000000)
 ParOldGen       total 266240K, used 111275K [0x00000000c0000000, 0x00000000d0400000, 0x00000000eab00000)
  object space 266240K, 41% used [0x00000000c0000000,0x00000000c6caacb8,0x00000000d0400000)
 Metaspace       used 98993K, capacity 116172K, committed 146816K, reserved 1175552K
  class space    used 12173K, capacity 16111K, committed 20096K, reserved 1048576K
Event: 185.405 GC heap after
Heap after GC invocations=81 (full 5):
 PSYoungGen      total 315392K, used 26640K [0x00000000eab00000, 0x0000000100000000, 0x0000000100000000)
  eden space 287744K, 0% used [0x00000000eab00000,0x00000000eab00000,0x00000000fc400000)
  from space 27648K, 96% used [0x00000000fe500000,0x00000000fff04288,0x0000000100000000)
  to   space 30720K, 0% used [0x00000000fc400000,0x00000000fc400000,0x00000000fe200000)
 ParOldGen       total 266240K, used 111283K [0x00000000c0000000, 0x00000000d0400000, 0x00000000eab00000)
  object space 266240K, 41% used [0x00000000c0000000,0x00000000c6caccb8,0x00000000d0400000)
 Metaspace       used 98993K, capacity 116172K, committed 146816K, reserved 1175552K
  class space    used 12173K, capacity 16111K, committed 20096K, reserved 1048576K
}
Event: 186.905 GC heap before
{Heap before GC invocations=82 (full 5):
 PSYoungGen      total 315392K, used 314384K [0x00000000eab00000, 0x0000000100000000, 0x0000000100000000)
  eden space 287744K, 100% used [0x00000000eab00000,0x00000000fc400000,0x00000000fc400000)
  from space 27648K, 96% used [0x00000000fe500000,0x00000000fff04288,0x0000000100000000)
  to   space 30720K, 0% used [0x00000000fc400000,0x00000000fc400000,0x00000000fe200000)
 ParOldGen       total 266240K, used 111283K [0x00000000c0000000, 0x00000000d0400000, 0x00000000eab00000)
  object space 266240K, 41% used [0x00000000c0000000,0x00000000c6caccb8,0x00000000d0400000)
 Metaspace       used 99760K, capacity 117238K, committed 146816K, reserved 1175552K
  class space    used 12218K, capacity 16253K, committed 20096K, reserved 1048576K
Event: 186.931 GC heap after
Heap after GC invocations=82 (full 5):
 PSYoungGen      total 318464K, used 30693K [0x00000000eab00000, 0x0000000100000000, 0x0000000100000000)
  eden space 287744K, 0% used [0x00000000eab00000,0x00000000eab00000,0x00000000fc400000)
  from space 30720K, 99% used [0x00000000fc400000,0x00000000fe1f9400,0x00000000fe200000)
  to   space 30720K, 0% used [0x00000000fe200000,0x00000000fe200000,0x0000000100000000)
 ParOldGen       total 266240K, used 112431K [0x00000000c0000000, 0x00000000d0400000, 0x00000000eab00000)
  object space 266240K, 42% used [0x00000000c0000000,0x00000000c6dcbca8,0x00000000d0400000)
 Metaspace       used 99760K, capacity 117238K, committed 146816K, reserved 1175552K
  class space    used 12218K, capacity 16253K, committed 20096K, reserved 1048576K
}
Event: 188.449 GC heap before
{Heap before GC invocations=83 (full 5):
 PSYoungGen      total 318464K, used 318437K [0x00000000eab00000, 0x0000000100000000, 0x0000000100000000)
  eden space 287744K, 100% used [0x00000000eab00000,0x00000000fc400000,0x00000000fc400000)
  from space 30720K, 99% used [0x00000000fc400000,0x00000000fe1f9400,0x00000000fe200000)
  to   space 30720K, 0% used [0x00000000fe200000,0x00000000fe200000,0x0000000100000000)
 ParOldGen       total 266240K, used 112431K [0x00000000c0000000, 0x00000000d0400000, 0x00000000eab00000)
  object space 266240K, 42% used [0x00000000c0000000,0x00000000c6dcbca8,0x00000000d0400000)
 Metaspace       used 101102K, capacity 119168K, committed 146816K, reserved 1175552K
  class space    used 12295K, capacity 16500K, committed 20096K, reserved 1048576K
Event: 188.512 GC heap after
Heap after GC invocations=83 (full 5):
 PSYoungGen      total 299008K, used 30696K [0x00000000eab00000, 0x0000000100000000, 0x0000000100000000)
  eden space 268288K, 0% used [0x00000000eab00000,0x00000000eab00000,0x00000000fb100000)
  from space 30720K, 99% used [0x00000000fe200000,0x00000000ffffa1c0,0x0000000100000000)
  to   space 40448K, 0% used [0x00000000fb100000,0x00000000fb100000,0x00000000fd880000)
 ParOldGen       total 266240K, used 119012K [0x00000000c0000000, 0x00000000d0400000, 0x00000000eab00000)
  object space 266240K, 44% used [0x00000000c0000000,0x00000000c7439008,0x00000000d0400000)
 Metaspace       used 101102K, capacity 119168K, committed 146816K, reserved 1175552K
  class space    used 12295K, capacity 16500K, committed 20096K, reserved 1048576K
}

