# JRE version: OpenJDK Runtime Environment (8.0_242) (build 1.8.0_242-release-1644-b3-6222593)
# Java VM: OpenJDK 64-Bit Server VM (25.242-b3-6222593 mixed mode bsd-amd64 compressed oops)
Heap:
 PSYoungGen      total 1293312K, used 180092K [0x000000076ab00000, 0x00000007c0000000, 0x00000007c0000000)
  eden space 1221632K, 8% used [0x000000076ab00000,0x0000000771514188,0x00000007b5400000)
  from space 71680K, 99% used [0x00000007b5400000,0x00000007b99cb148,0x00000007b9a00000)
  to   space 91648K, 0% used [0x00000007ba680000,0x00000007ba680000,0x00000007c0000000)
 ParOldGen       total 373248K, used 119310K [0x00000006c0000000, 0x00000006d6c80000, 0x000000076ab00000)
  object space 373248K, 31% used [0x00000006c0000000,0x00000006c7483b70,0x00000006d6c80000)
 Metaspace       used 94601K, capacity 111315K, committed 111532K, reserved 1146880K
  class space    used 11015K, capacity 14992K, committed 15020K, reserved 1048576K
GC Heap History (10 events):
Event: 70.095 GC heap before
{Heap before GC invocations=45 (full 4):
 PSYoungGen      total 1317888K, used 1293298K [0x000000076ab00000, 0x00000007bfe80000, 0x00000007c0000000)
  eden space 1239552K, 100% used [0x000000076ab00000,0x00000007b6580000,0x00000007b6580000)
  from space 78336K, 68% used [0x00000007bb200000,0x00000007be67c850,0x00000007bfe80000)
  to   space 78336K, 0% used [0x00000007b6580000,0x00000007b6580000,0x00000007bb200000)
 ParOldGen       total 373248K, used 111390K [0x00000006c0000000, 0x00000006d6c80000, 0x000000076ab00000)
  object space 373248K, 29% used [0x00000006c0000000,0x00000006c6cc7b80,0x00000006d6c80000)
 Metaspace       used 93666K, capacity 110033K, committed 110124K, reserved 1144832K
  class space    used 10959K, capacity 14879K, committed 14892K, reserved 1048576K
Event: 70.125 GC heap after
Heap after GC invocations=45 (full 4):
 PSYoungGen      total 1317888K, used 57700K [0x000000076ab00000, 0x00000007c0000000, 0x00000007c0000000)
  eden space 1239552K, 0% used [0x000000076ab00000,0x000000076ab00000,0x00000007b6580000)
  from space 78336K, 73% used [0x00000007b6580000,0x00000007b9dd91d0,0x00000007bb200000)
  to   space 79360K, 0% used [0x00000007bb280000,0x00000007bb280000,0x00000007c0000000)
 ParOldGen       total 373248K, used 111494K [0x00000006c0000000, 0x00000006d6c80000, 0x000000076ab00000)
  object space 373248K, 29% used [0x00000006c0000000,0x00000006c6ce1b80,0x00000006d6c80000)
 Metaspace       used 93666K, capacity 110033K, committed 110124K, reserved 1144832K
  class space    used 10959K, capacity 14879K, committed 14892K, reserved 1048576K
}
Event: 72.972 GC heap before
{Heap before GC invocations=46 (full 4):
 PSYoungGen      total 1317888K, used 1297252K [0x000000076ab00000, 0x00000007c0000000, 0x00000007c0000000)
  eden space 1239552K, 100% used [0x000000076ab00000,0x00000007b6580000,0x00000007b6580000)
  from space 78336K, 73% used [0x00000007b6580000,0x00000007b9dd91d0,0x00000007bb200000)
  to   space 79360K, 0% used [0x00000007bb280000,0x00000007bb280000,0x00000007c0000000)
 ParOldGen       total 373248K, used 111494K [0x00000006c0000000, 0x00000006d6c80000, 0x000000076ab00000)
  object space 373248K, 29% used [0x00000006c0000000,0x00000006c6ce1b80,0x00000006d6c80000)
 Metaspace       used 94023K, capacity 110443K, committed 110764K, reserved 1144832K
  class space    used 10971K, capacity 14916K, committed 15020K, reserved 1048576K
Event: 72.999 GC heap after
Heap after GC invocations=46 (full 4):
 PSYoungGen      total 1314304K, used 60588K [0x000000076ab00000, 0x00000007c0000000, 0x00000007c0000000)
  eden space 1234944K, 0% used [0x000000076ab00000,0x000000076ab00000,0x00000007b6100000)
  from space 79360K, 76% used [0x00000007bb280000,0x00000007bedab230,0x00000007c0000000)
  to   space 81408K, 0% used [0x00000007b6100000,0x00000007b6100000,0x00000007bb080000)
 ParOldGen       total 373248K, used 115896K [0x00000006c0000000, 0x00000006d6c80000, 0x000000076ab00000)
  object space 373248K, 31% used [0x00000006c0000000,0x00000006c712e150,0x00000006d6c80000)
 Metaspace       used 94023K, capacity 110443K, committed 110764K, reserved 1144832K
  class space    used 10971K, capacity 14916K, committed 15020K, reserved 1048576K
}
Event: 75.308 GC heap before
{Heap before GC invocations=47 (full 4):
 PSYoungGen      total 1314304K, used 1295532K [0x000000076ab00000, 0x00000007c0000000, 0x00000007c0000000)
  eden space 1234944K, 100% used [0x000000076ab00000,0x00000007b6100000,0x00000007b6100000)
  from space 79360K, 76% used [0x00000007bb280000,0x00000007bedab230,0x00000007c0000000)
  to   space 81408K, 0% used [0x00000007b6100000,0x00000007b6100000,0x00000007bb080000)
 ParOldGen       total 373248K, used 115896K [0x00000006c0000000, 0x00000006d6c80000, 0x000000076ab00000)
  object space 373248K, 31% used [0x00000006c0000000,0x00000006c712e150,0x00000006d6c80000)
 Metaspace       used 94175K, capacity 110695K, committed 111020K, reserved 1144832K
  class space    used 10979K, capacity 14922K, committed 15020K, reserved 1048576K
Event: 75.329 GC heap after
Heap after GC invocations=47 (full 4):
 PSYoungGen      total 1298944K, used 63845K [0x000000076ab00000, 0x00000007c0000000, 0x00000007c0000000)
  eden space 1234944K, 0% used [0x000000076ab00000,0x000000076ab00000,0x00000007b6100000)
  from space 64000K, 99% used [0x00000007b6100000,0x00000007b9f596c0,0x00000007b9f80000)
  to   space 83968K, 0% used [0x00000007bae00000,0x00000007bae00000,0x00000007c0000000)
 ParOldGen       total 373248K, used 118050K [0x00000006c0000000, 0x00000006d6c80000, 0x000000076ab00000)
  object space 373248K, 31% used [0x00000006c0000000,0x00000006c7348ae0,0x00000006d6c80000)
 Metaspace       used 94175K, capacity 110695K, committed 111020K, reserved 1144832K
  class space    used 10979K, capacity 14922K, committed 15020K, reserved 1048576K
}
Event: 77.698 GC heap before
{Heap before GC invocations=48 (full 4):
 PSYoungGen      total 1298944K, used 1298789K [0x000000076ab00000, 0x00000007c0000000, 0x00000007c0000000)
  eden space 1234944K, 100% used [0x000000076ab00000,0x00000007b6100000,0x00000007b6100000)
  from space 64000K, 99% used [0x00000007b6100000,0x00000007b9f596c0,0x00000007b9f80000)
  to   space 83968K, 0% used [0x00000007bae00000,0x00000007bae00000,0x00000007c0000000)
 ParOldGen       total 373248K, used 118050K [0x00000006c0000000, 0x00000006d6c80000, 0x000000076ab00000)
  object space 373248K, 31% used [0x00000006c0000000,0x00000006c7348ae0,0x00000006d6c80000)
 Metaspace       used 94478K, capacity 111119K, committed 111276K, reserved 1144832K
  class space    used 11006K, capacity 14988K, committed 15020K, reserved 1048576K
Event: 77.728 GC heap after
Heap after GC invocations=48 (full 4):
 PSYoungGen      total 1305600K, used 70540K [0x000000076ab00000, 0x00000007c0000000, 0x00000007c0000000)
  eden space 1221632K, 0% used [0x000000076ab00000,0x000000076ab00000,0x00000007b5400000)
  from space 83968K, 84% used [0x00000007bae00000,0x00000007bf2e30b8,0x00000007c0000000)
  to   space 88064K, 0% used [0x00000007b5400000,0x00000007b5400000,0x00000007baa00000)
 ParOldGen       total 373248K, used 119166K [0x00000006c0000000, 0x00000006d6c80000, 0x000000076ab00000)
  object space 373248K, 31% used [0x00000006c0000000,0x00000006c745fb70,0x00000006d6c80000)
 Metaspace       used 94478K, capacity 111119K, committed 111276K, reserved 1144832K
  class space    used 11006K, capacity 14988K, committed 15020K, reserved 1048576K
}
Event: 80.128 GC heap before
{Heap before GC invocations=49 (full 4):
 PSYoungGen      total 1305600K, used 1292172K [0x000000076ab00000, 0x00000007c0000000, 0x00000007c0000000)
  eden space 1221632K, 100% used [0x000000076ab00000,0x00000007b5400000,0x00000007b5400000)
  from space 83968K, 84% used [0x00000007bae00000,0x00000007bf2e30b8,0x00000007c0000000)
  to   space 88064K, 0% used [0x00000007b5400000,0x00000007b5400000,0x00000007baa00000)
 ParOldGen       total 373248K, used 119166K [0x00000006c0000000, 0x00000006d6c80000, 0x000000076ab00000)
  object space 373248K, 31% used [0x00000006c0000000,0x00000006c745fb70,0x00000006d6c80000)
 Metaspace       used 94588K, capacity 111241K, committed 111276K, reserved 1144832K
  class space    used 11014K, capacity 14991K, committed 15020K, reserved 1048576K
Event: 80.152 GC heap after
Heap after GC invocations=49 (full 4):
 PSYoungGen      total 1293312K, used 71468K [0x000000076ab00000, 0x00000007c0000000, 0x00000007c0000000)
  eden space 1221632K, 0% used [0x000000076ab00000,0x000000076ab00000,0x00000007b5400000)
  from space 71680K, 99% used [0x00000007b5400000,0x00000007b99cb148,0x00000007b9a00000)
  to   space 91648K, 0% used [0x00000007ba680000,0x00000007ba680000,0x00000007c0000000)
 ParOldGen       total 373248K, used 119310K [0x00000006c0000000, 0x00000006d6c80000, 0x000000076ab00000)
  object space 373248K, 31% used [0x00000006c0000000,0x00000006c7483b70,0x00000006d6c80000)
 Metaspace       used 94588K, capacity 111241K, committed 111276K, reserved 1144832K
  class space    used 11014K, capacity 14991K, committed 15020K, reserved 1048576K
}

